#
# A fatal error has been detected by the Java Runtime Environment:
#
#  EXCEPTION_ACCESS_VIOLATION (0xc0000005) at pc=0x00007ffb4382366c, pid=3632, tid=12616
#
# JRE version: Java(TM) SE Runtime Environment (21.0.1+12) (build 21.0.1+12-LTS-29)
# Java VM: Java HotSpot(TM) 64-Bit Server VM (21.0.1+12-LTS-29, mixed mode, sharing, tiered, compressed oops, compressed class ptrs, g1 gc, windows-amd64)
# Problematic frame:
# C  [igxelpicd64.dll+0x13366c]
#
# No core dump will be written. Minidumps are not enabled by default on client versions of Windows
#
# If you would like to submit a bug report, please visit:
#   https://bugreport.java.com/bugreport/crash.jsp
#

---------------  S U M M A R Y ------------

Command Line: principal.GestorPrincipal

Host: 12th Gen Intel(R) Core(TM) i5-12400, 12 cores, 15G,  Windows 10 , 64 bit Build 19041 (10.0.19041.3031)
Time: Thu Feb 22 21:53:47 2024 Hora verano Sudamérica Pacífico elapsed time: 1.314638 seconds (0d 0h 0m 1s)

---------------  T H R E A D  ---------------

Current thread (0x0000024c47731bd0):  VMThread "VM Thread"          [id=12616, stack(0x00000055a8400000,0x00000055a8500000) (1024K)]

Stack: [0x00000055a8400000,0x00000055a8500000],  sp=0x00000055a84fe7f0,  free space=1017k
Native frames: (J=compiled Java code, j=interpreted, Vv=VM code, C=native code)
C  [igxelpicd64.dll+0x13366c]


siginfo: EXCEPTION_ACCESS_VIOLATION (0xc0000005), reading address 0x00000000000356f8


Registers:
RAX=0x0000024c8ebbd2a0, RBX=0x0000024c8ebbd150, RCX=0x0000000000000000, RDX=0x0000000000000001
RSP=0x00000055a84fe7f0, RBP=0x0000000000000000, RSI=0x0000024c8ebbd720, RDI=0x0000024c8e136580
R8 =0x0000000000000014, R9 =0x0000000000000000, R10=0x0000000000000000, R11=0x0000000000000000
R12=0x0000000000000000, R13=0x0000024c8ebc05d0, R14=0x0000000000000900, R15=0x0000000000000016
RIP=0x00007ffb4382366c, EFLAGS=0x0000000000010206


Register to memory mapping:

RAX=0x0000024c8ebbd2a0 points into unknown readable memory: 0x0000000000000996 | 96 09 00 00 00 00 00 00
RBX=0x0000024c8ebbd150 points into unknown readable memory: 0x0000024c8d5734a0 | a0 34 57 8d 4c 02 00 00
RCX=0x0 is null
RDX=0x0000000000000001 is an unknown value
RSP=0x00000055a84fe7f0 points into unknown readable memory: 0x0000024c8d7e8220 | 20 82 7e 8d 4c 02 00 00
RBP=0x0 is null
RSI=0x0000024c8ebbd720 points into unknown readable memory: 0x0000024c8ebc05d0 | d0 05 bc 8e 4c 02 00 00
RDI=0x0000024c8e136580 points into unknown readable memory: 0x0000024c8e488400 | 00 84 48 8e 4c 02 00 00
R8 =0x0000000000000014 is an unknown value
R9 =0x0 is null
R10=0x0 is null
R11=0x0 is null
R12=0x0 is null
R13=0x0000024c8ebc05d0 points into unknown readable memory: 0x0000024c8d5734a0 | a0 34 57 8d 4c 02 00 00
R14=0x0000000000000900 is an unknown value
R15=0x0000000000000016 is an unknown value

Top of Stack: (sp=0x00000055a84fe7f0)
0x00000055a84fe7f0:   0000024c8d7e8220 00007ffbac92f070
0x00000055a84fe800:   b4db011d95a600cf 00007ffbacf30f34
0x00000055a84fe810:   00a9682a01656518 0105adcd0122b72a
0x00000055a84fe820:   01420003027edcdc 885f011269270000
0x00000055a84fe830:   0000024c8e8b3bb8 0000000000000999
0x00000055a84fe840:   0000000000000000 000000000000000f
0x00000055a84fe850:   0000000000000000 0000000000000000
0x00000055a84fe860:   00000055a84fe970 00007ffb4399bc3c
0x00000055a84fe870:   0000024c8d7e8220 0000024c8e136580
0x00000055a84fe880:   00007ffbacf09300 00000004f4685700
0x00000055a84fe890:   0000005500000f48 0000740433c00000
0x00000055a84fe8a0:   0000000000000000 00007ffbacead23b
0x00000055a84fe8b0:   0000000000000001 00000055a84fea60
0x00000055a84fe8c0:   0000000000000002 0000024c25e30000
0x00000055a84fe8d0:   00007ffbacef7a20 00007ffb439919a0
0x00000055a84fe8e0:   00000000000004b4 0000024c25e31c04
0x00000055a84fe8f0:   0000005500000002 00007ffbaceac7bc
0x00000055a84fe900:   0000577f9abe5449 0000577f9abe5499
0x00000055a84fe910:   0000000000000000 00007ffb43773cdf
0x00000055a84fe920:   0000740433c00000 0000000000000f48
0x00000055a84fe930:   0000000000000000 4000254000000001
0x00000055a84fe940:   0000000000000000 0000000000000000
0x00000055a84fe950:   0000000000000000 0000000000000000
0x00000055a84fe960:   0000000000000000 0000000000000000
0x00000055a84fe970:   0000000000000000 0000000000000000
0x00000055a84fe980:   0000000000000000 0000000000000000
0x00000055a84fe990:   0000000000000000 0000000000000000
0x00000055a84fe9a0:   0000000000000000 0000000000000000
0x00000055a84fe9b0:   0000000000000000 0000000000000000
0x00000055a84fe9c0:   0000000000000000 0000000000000000
0x00000055a84fe9d0:   0000000000000000 0000000000000000
0x00000055a84fe9e0:   0000000000000000 0000000000000000 

Instructions: (pc=0x00007ffb4382366c)
0x00007ffb4382356c:   ec 40 45 8a e1 48 8b fa 48 8b e9 48 8b 1d 42 08
0x00007ffb4382357c:   e0 00 48 89 58 08 48 8b cb ff 15 85 5b 9a 00 90
0x00007ffb4382358c:   4c 8b af 78 02 00 00 48 8b 05 c6 e4 cf 00 44 8b
0x00007ffb4382359c:   b8 40 0b 00 00 45 33 db 45 8a f3 4c 89 9f 78 02
0x00007ffb438235ac:   00 00 44 89 9f 80 02 00 00 4c 89 9f 98 02 00 00
0x00007ffb438235bc:   4c 89 9f 88 02 00 00 48 85 ed 75 38 8b 35 4a e2
0x00007ffb438235cc:   df 00 65 48 8b 04 25 58 00 00 00 b9 14 00 00 00
0x00007ffb438235dc:   48 8b 04 f0 44 38 1c 01 0f 84 9d da 86 00 65 48
0x00007ffb438235ec:   8b 04 25 58 00 00 00 bd 20 00 00 00 48 8b 04 f0
0x00007ffb438235fc:   48 8b 2c 28 48 3b 2d 39 07 e0 00 45 0f 44 fb 4d
0x00007ffb4382360c:   85 ed 0f 84 21 01 00 00 44 8a a4 24 90 00 00 00
0x00007ffb4382361c:   49 8b dd 49 8d b5 d0 05 00 00 4c 8b 2e 45 84 e4
0x00007ffb4382362c:   0f 85 2a 03 00 00 8b 97 c8 01 00 00 48 8b 05 21
0x00007ffb4382363c:   e4 cf 00 83 b8 78 03 00 00 02 75 31 83 fa 10 0f
0x00007ffb4382364c:   83 20 01 00 00 48 8d 04 d5 21 00 00 00 48 03 c2
0x00007ffb4382365c:   48 8d 04 c3 48 85 c0 0f 85 ff 00 00 00 49 8b cb
0x00007ffb4382366c:   48 3b 8d f8 56 03 00 0f 87 f3 02 00 00 4c 39 9b
0x00007ffb4382367c:   48 06 00 00 0f 85 41 da 86 00 44 8b 97 c8 01 00
0x00007ffb4382368c:   00 48 8b 87 e0 01 00 00 4c 8b 08 8b 97 c8 01 00
0x00007ffb4382369c:   00 83 fa 10 0f 83 03 01 00 00 48 8d 04 d5 21 00
0x00007ffb438236ac:   00 00 48 03 c2 48 8d 04 c3 48 85 c0 0f 85 e2 00
0x00007ffb438236bc:   00 00 49 8b cb 49 3b c9 0f 86 0e 01 00 00 48 8b
0x00007ffb438236cc:   87 78 02 00 00 48 89 06 48 89 9f 78 02 00 00 ff
0x00007ffb438236dc:   87 80 02 00 00 48 8b 43 08 48 8b 88 18 01 00 00
0x00007ffb438236ec:   48 81 e1 00 00 ff ff 48 81 c1 00 00 01 00 48 01
0x00007ffb438236fc:   8f 88 02 00 00 48 8b 43 08 48 8b 88 18 01 00 00
0x00007ffb4382370c:   48 01 8f 98 02 00 00 4d 85 ed 0f 85 00 ff ff ff
0x00007ffb4382371c:   45 84 f6 44 8a a4 24 98 00 00 00 0f 85 82 03 00
0x00007ffb4382372c:   00 48 8b 9c 24 80 00 00 00 48 8b cf 45 84 e4 0f
0x00007ffb4382373c:   85 8a 03 00 00 e8 fa f9 ff ff 90 48 8b cb 48 8b
0x00007ffb4382374c:   9c 24 88 00 00 00 48 83 c4 40 41 5f 41 5e 41 5d
0x00007ffb4382375c:   41 5c 5f 5e 5d 48 ff 25 b0 59 9a 00 48 8b 48 08 


Stack slot to memory mapping:

stack at sp + 0 slots: 0x0000024c8d7e8220 points into unknown readable memory: 0xffffffffffffffff | ff ff ff ff ff ff ff ff
stack at sp + 1 slots: 0x00007ffbac92f070 USER32.dll
stack at sp + 2 slots: 0xb4db011d95a600cf is an unknown value
stack at sp + 3 slots: 0x00007ffbacf30f34 ntdll.dll
stack at sp + 4 slots: 0x00a9682a01656518 is an unknown value
stack at sp + 5 slots: 0x0105adcd0122b72a is an unknown value
stack at sp + 6 slots: 0x01420003027edcdc is an unknown value
stack at sp + 7 slots: 0x885f011269270000 is an unknown value

VM_Operation (0x00000055a9ffe4c0): Exit, mode: safepoint, requested by thread 0x0000024c8e0e0690


---------------  P R O C E S S  ---------------

Threads class SMR info:
_java_thread_list=0x0000024c8e658530, length=19, elements={
0x0000024c25ece080, 0x0000024c47750b70, 0x0000024c47751c40, 0x0000024c47753bc0,
0x0000024c47757740, 0x0000024c477585d0, 0x0000024c477591e0, 0x0000024c47767e00,
0x0000024c47788cc0, 0x0000024c47a90f00, 0x0000024c47a93740, 0x0000024c47c4e720,
0x0000024c8d4def50, 0x0000024c8d818e90, 0x0000024c8dd70b20, 0x0000024c8e0e0690,
0x0000024c8dc14d10, 0x0000024c8dc1fe60, 0x0000024c8e617660
}

Java Threads: ( => current thread )
  0x0000024c25ece080 JavaThread "main"                              [_thread_blocked, id=11888, stack(0x00000055a7d00000,0x00000055a7e00000) (1024K)]
  0x0000024c47750b70 JavaThread "Reference Handler"          daemon [_thread_blocked, id=3956, stack(0x00000055a8500000,0x00000055a8600000) (1024K)]
  0x0000024c47751c40 JavaThread "Finalizer"                  daemon [_thread_blocked, id=10948, stack(0x00000055a8600000,0x00000055a8700000) (1024K)]
  0x0000024c47753bc0 JavaThread "Signal Dispatcher"          daemon [_thread_blocked, id=7316, stack(0x00000055a8700000,0x00000055a8800000) (1024K)]
  0x0000024c47757740 JavaThread "Attach Listener"            daemon [_thread_blocked, id=14920, stack(0x00000055a8800000,0x00000055a8900000) (1024K)]
  0x0000024c477585d0 JavaThread "Service Thread"             daemon [_thread_blocked, id=10888, stack(0x00000055a8900000,0x00000055a8a00000) (1024K)]
  0x0000024c477591e0 JavaThread "Monitor Deflation Thread"   daemon [_thread_blocked, id=12600, stack(0x00000055a8a00000,0x00000055a8b00000) (1024K)]
  0x0000024c47767e00 JavaThread "C2 CompilerThread0"         daemon [_thread_blocked, id=9636, stack(0x00000055a8b00000,0x00000055a8c00000) (1024K)]
  0x0000024c47788cc0 JavaThread "C1 CompilerThread0"         daemon [_thread_blocked, id=17104, stack(0x00000055a8c00000,0x00000055a8d00000) (1024K)]
  0x0000024c47a90f00 JavaThread "Notification Thread"        daemon [_thread_blocked, id=12564, stack(0x00000055a8d00000,0x00000055a8e00000) (1024K)]
  0x0000024c47a93740 JavaThread "Common-Cleaner"             daemon [_thread_blocked, id=10024, stack(0x00000055a8e00000,0x00000055a8f00000) (1024K)]
  0x0000024c47c4e720 JavaThread "C2 CompilerThread1"         daemon [_thread_blocked, id=9224, stack(0x00000055a9100000,0x00000055a9200000) (1024K)]
  0x0000024c8d4def50 JavaThread "Java2D Disposer"            daemon [_thread_blocked, id=1480, stack(0x00000055a9200000,0x00000055a9300000) (1024K)]
  0x0000024c8d818e90 JavaThread "AWT-Shutdown"                      [_thread_blocked, id=13388, stack(0x00000055a9300000,0x00000055a9400000) (1024K)]
  0x0000024c8dd70b20 JavaThread "Java2D Queue Flusher"       daemon [_thread_blocked, id=1340, stack(0x00000055a9500000,0x00000055a9600000) (1024K)]
  0x0000024c8e0e0690 JavaThread "AWT-EventQueue-0"                  [_thread_blocked, id=16368, stack(0x00000055a9f00000,0x00000055aa000000) (1024K)]
  0x0000024c8dc14d10 JavaThread "Java Sound Event Dispatcher" daemon [_thread_blocked, id=12064, stack(0x00000055aa200000,0x00000055aa300000) (1024K)]
  0x0000024c8dc1fe60 JavaThread "Direct Clip"                daemon [_thread_blocked, id=14284, stack(0x00000055aa600000,0x00000055aa700000) (1024K)]
  0x0000024c8e617660 JavaThread "C2 CompilerThread2"         daemon [_thread_blocked, id=4588, stack(0x00000055aa700000,0x00000055aa800000) (1024K)]
Total: 19

Other Threads:
=>0x0000024c47731bd0 VMThread "VM Thread"                           [id=12616, stack(0x00000055a8400000,0x00000055a8500000) (1024K)]
  0x0000024c2826cbf0 WorkerThread "GC Thread#0"                     [id=5920, stack(0x00000055a7e00000,0x00000055a7f00000) (1024K)]
  0x0000024c8e6864b0 WorkerThread "GC Thread#1"                     [id=17196, stack(0x00000055a9800000,0x00000055a9900000) (1024K)]
  0x0000024c8d6d0f60 WorkerThread "GC Thread#2"                     [id=9904, stack(0x00000055a9900000,0x00000055a9a00000) (1024K)]
  0x0000024c8d6d1710 WorkerThread "GC Thread#3"                     [id=1784, stack(0x00000055a9a00000,0x00000055a9b00000) (1024K)]
  0x0000024c8d6d1ab0 WorkerThread "GC Thread#4"                     [id=12980, stack(0x00000055a9b00000,0x00000055a9c00000) (1024K)]
  0x0000024c8e40bfd0 WorkerThread "GC Thread#5"                     [id=6544, stack(0x00000055a9c00000,0x00000055a9d00000) (1024K)]
  0x0000024c8d731510 WorkerThread "GC Thread#6"                     [id=9680, stack(0x00000055a9d00000,0x00000055a9e00000) (1024K)]
  0x0000024c8d5df910 WorkerThread "GC Thread#7"                     [id=5744, stack(0x00000055a9e00000,0x00000055a9f00000) (1024K)]
  0x0000024c8e5df230 WorkerThread "GC Thread#8"                     [id=8904, stack(0x00000055aa100000,0x00000055aa200000) (1024K)]
  0x0000024c2827d910 ConcurrentGCThread "G1 Main Marker"            terminated
  0x0000024c2827e320 WorkerThread "G1 Conc#0"                       [id=7948, stack(0x00000055a8000000,0x00000055a8100000) (1024K)]
  0x0000024c475eb520 ConcurrentGCThread "G1 Refine#0"               terminated
  0x0000024c282de010 ConcurrentGCThread "G1 Service"                terminated
Total: 14

Threads with active compile tasks:
Total: 0

VM state: at safepoint (shutting down)

VM Mutex/Monitor currently owned by a thread:  ([mutex/lock_event])
[0x00007ffb5afca5f8] Threads_lock - owner thread: 0x0000024c47731bd0
[0x00007ffb5afca6f8] Heap_lock - owner thread: 0x0000024c8e0e0690

Heap address: 0x0000000703800000, size: 4040 MB, Compressed Oops mode: Zero based, Oop shift amount: 3

CDS archive(s) mapped at: [0x0000024c48000000-0x0000024c48c90000-0x0000024c48c90000), size 13172736, SharedBaseAddress: 0x0000024c48000000, ArchiveRelocationMode: 1.
Compressed class space mapped at: 0x0000024c49000000-0x0000024c89000000, reserved size: 1073741824
Narrow klass base: 0x0000024c48000000, Narrow klass shift: 0, Narrow klass range: 0x100000000

GC Precious Log:
 CardTable entry size: 512
 Card Set container configuration: InlinePtr #cards 4 size 8 Array Of Cards #cards 16 size 48 Howl #buckets 8 coarsen threshold 3686 Howl Bitmap #cards 512 size 80 coarsen threshold 460 Card regions per heap region 1 cards per card region 4096
 CPUs: 12 total, 12 available
 Memory: 16157M
 Large Page Support: Disabled
 NUMA Support: Disabled
 Compressed Oops: Enabled (Zero based)
 Heap Region Size: 2M
 Heap Min Capacity: 8M
 Heap Initial Capacity: 254M
 Heap Max Capacity: 4040M
 Pre-touch: Disabled
 Parallel Workers: 10
 Concurrent Workers: 3
 Concurrent Refinement Workers: 10
 Periodic GC: Disabled

Heap:
 garbage-first heap   total 260096K, used 124287K [0x0000000703800000, 0x0000000800000000)
  region size 2048K, 29 young (59392K), 2 survivors (4096K)
 Metaspace       used 9630K, committed 9920K, reserved 1114112K
  class space    used 1001K, committed 1152K, reserved 1048576K

Heap Regions: E=young(eden), S=young(survivor), O=old, HS=humongous(starts), HC=humongous(continues), CS=collection set, F=free, TAMS=top-at-mark-start, PB=parsable bottom
|   0|0x0000000703800000, 0x0000000703a00000, 0x0000000703a00000|100%|HS|  |TAMS 0x0000000703800000| PB 0x0000000703800000| Complete 
|   1|0x0000000703a00000, 0x0000000703c00000, 0x0000000703c00000|100%|HC|  |TAMS 0x0000000703a00000| PB 0x0000000703a00000| Complete 
|   2|0x0000000703c00000, 0x0000000703e00000, 0x0000000703e00000|100%|HC|  |TAMS 0x0000000703c00000| PB 0x0000000703c00000| Complete 
|   3|0x0000000703e00000, 0x0000000704000000, 0x0000000704000000|100%|HC|  |TAMS 0x0000000703e00000| PB 0x0000000703e00000| Complete 
|   4|0x0000000704000000, 0x0000000704200000, 0x0000000704200000|100%|HC|  |TAMS 0x0000000704000000| PB 0x0000000704000000| Complete 
|   5|0x0000000704200000, 0x0000000704400000, 0x0000000704400000|100%|HC|  |TAMS 0x0000000704200000| PB 0x0000000704200000| Complete 
|   6|0x0000000704400000, 0x0000000704600000, 0x0000000704600000|100%|HC|  |TAMS 0x0000000704400000| PB 0x0000000704400000| Complete 
|   7|0x0000000704600000, 0x0000000704800000, 0x0000000704800000|100%|HC|  |TAMS 0x0000000704600000| PB 0x0000000704600000| Complete 
|   8|0x0000000704800000, 0x0000000704a00000, 0x0000000704a00000|100%|HC|  |TAMS 0x0000000704800000| PB 0x0000000704800000| Complete 
|   9|0x0000000704a00000, 0x0000000704c00000, 0x0000000704c00000|100%|HC|  |TAMS 0x0000000704a00000| PB 0x0000000704a00000| Complete 
|  10|0x0000000704c00000, 0x0000000704e00000, 0x0000000704e00000|100%|HC|  |TAMS 0x0000000704c00000| PB 0x0000000704c00000| Complete 
|  11|0x0000000704e00000, 0x0000000705000000, 0x0000000705000000|100%|HC|  |TAMS 0x0000000704e00000| PB 0x0000000704e00000| Complete 
|  12|0x0000000705000000, 0x0000000705200000, 0x0000000705200000|100%|HC|  |TAMS 0x0000000705000000| PB 0x0000000705000000| Complete 
|  13|0x0000000705200000, 0x0000000705400000, 0x0000000705400000|100%|HC|  |TAMS 0x0000000705200000| PB 0x0000000705200000| Complete 
|  14|0x0000000705400000, 0x0000000705600000, 0x0000000705600000|100%|HC|  |TAMS 0x0000000705400000| PB 0x0000000705400000| Complete 
|  15|0x0000000705600000, 0x0000000705800000, 0x0000000705800000|100%|HC|  |TAMS 0x0000000705600000| PB 0x0000000705600000| Complete 
|  16|0x0000000705800000, 0x0000000705a00000, 0x0000000705a00000|100%|HC|  |TAMS 0x0000000705800000| PB 0x0000000705800000| Complete 
|  17|0x0000000705a00000, 0x0000000705c00000, 0x0000000705c00000|100%|HC|  |TAMS 0x0000000705a00000| PB 0x0000000705a00000| Complete 
|  18|0x0000000705c00000, 0x0000000705e00000, 0x0000000705e00000|100%|HC|  |TAMS 0x0000000705c00000| PB 0x0000000705c00000| Complete 
|  19|0x0000000705e00000, 0x0000000706000000, 0x0000000706000000|100%|HC|  |TAMS 0x0000000705e00000| PB 0x0000000705e00000| Complete 
|  20|0x0000000706000000, 0x0000000706200000, 0x0000000706200000|100%|HC|  |TAMS 0x0000000706000000| PB 0x0000000706000000| Complete 
|  21|0x0000000706200000, 0x0000000706400000, 0x0000000706400000|100%|HC|  |TAMS 0x0000000706200000| PB 0x0000000706200000| Complete 
|  22|0x0000000706400000, 0x0000000706600000, 0x0000000706600000|100%|HC|  |TAMS 0x0000000706400000| PB 0x0000000706400000| Complete 
|  23|0x0000000706600000, 0x0000000706800000, 0x0000000706800000|100%|HC|  |TAMS 0x0000000706600000| PB 0x0000000706600000| Complete 
|  24|0x0000000706800000, 0x0000000706a00000, 0x0000000706a00000|100%|HC|  |TAMS 0x0000000706800000| PB 0x0000000706800000| Complete 
|  25|0x0000000706a00000, 0x0000000706c00000, 0x0000000706c00000|100%|HC|  |TAMS 0x0000000706a00000| PB 0x0000000706a00000| Complete 
|  26|0x0000000706c00000, 0x0000000706e00000, 0x0000000706e00000|100%|HC|  |TAMS 0x0000000706c00000| PB 0x0000000706c00000| Complete 
|  27|0x0000000706e00000, 0x0000000707000000, 0x0000000707000000|100%|HC|  |TAMS 0x0000000706e00000| PB 0x0000000706e00000| Complete 
|  28|0x0000000707000000, 0x0000000707200000, 0x0000000707200000|100%| O|  |TAMS 0x0000000707000000| PB 0x0000000707000000| Untracked 
|  29|0x0000000707200000, 0x000000070732ddc0, 0x0000000707400000| 58%| O|  |TAMS 0x0000000707200000| PB 0x0000000707200000| Untracked 
|  30|0x0000000707400000, 0x0000000707600000, 0x0000000707600000|100%|HS|  |TAMS 0x0000000707400000| PB 0x0000000707400000| Complete 
|  31|0x0000000707600000, 0x0000000707800000, 0x0000000707800000|100%|HS|  |TAMS 0x0000000707600000| PB 0x0000000707600000| Complete 
|  32|0x0000000707800000, 0x0000000707a00000, 0x0000000707a00000|100%|HS|  |TAMS 0x0000000707800000| PB 0x0000000707800000| Complete 
|  33|0x0000000707a00000, 0x0000000707c00000, 0x0000000707c00000|100%|HS|  |TAMS 0x0000000707a00000| PB 0x0000000707a00000| Complete 
|  34|0x0000000707c00000, 0x0000000707e00000, 0x0000000707e00000|100%|HS|  |TAMS 0x0000000707c00000| PB 0x0000000707c00000| Complete 
|  35|0x0000000707e00000, 0x0000000707e00000, 0x0000000708000000|  0%| F|  |TAMS 0x0000000707e00000| PB 0x0000000707e00000| Untracked 
|  36|0x0000000708000000, 0x0000000708000000, 0x0000000708200000|  0%| F|  |TAMS 0x0000000708000000| PB 0x0000000708000000| Untracked 
|  37|0x0000000708200000, 0x0000000708200000, 0x0000000708400000|  0%| F|  |TAMS 0x0000000708200000| PB 0x0000000708200000| Untracked 
|  38|0x0000000708400000, 0x0000000708400000, 0x0000000708600000|  0%| F|  |TAMS 0x0000000708400000| PB 0x0000000708400000| Untracked 
|  39|0x0000000708600000, 0x0000000708600000, 0x0000000708800000|  0%| F|  |TAMS 0x0000000708600000| PB 0x0000000708600000| Untracked 
|  40|0x0000000708800000, 0x0000000708800000, 0x0000000708a00000|  0%| F|  |TAMS 0x0000000708800000| PB 0x0000000708800000| Untracked 
|  41|0x0000000708a00000, 0x0000000708a00000, 0x0000000708c00000|  0%| F|  |TAMS 0x0000000708a00000| PB 0x0000000708a00000| Untracked 
|  42|0x0000000708c00000, 0x0000000708c00000, 0x0000000708e00000|  0%| F|  |TAMS 0x0000000708c00000| PB 0x0000000708c00000| Untracked 
|  43|0x0000000708e00000, 0x0000000708e00000, 0x0000000709000000|  0%| F|  |TAMS 0x0000000708e00000| PB 0x0000000708e00000| Untracked 
|  44|0x0000000709000000, 0x0000000709000000, 0x0000000709200000|  0%| F|  |TAMS 0x0000000709000000| PB 0x0000000709000000| Untracked 
|  45|0x0000000709200000, 0x0000000709200000, 0x0000000709400000|  0%| F|  |TAMS 0x0000000709200000| PB 0x0000000709200000| Untracked 
|  46|0x0000000709400000, 0x0000000709400000, 0x0000000709600000|  0%| F|  |TAMS 0x0000000709400000| PB 0x0000000709400000| Untracked 
|  47|0x0000000709600000, 0x0000000709600000, 0x0000000709800000|  0%| F|  |TAMS 0x0000000709600000| PB 0x0000000709600000| Untracked 
|  48|0x0000000709800000, 0x0000000709800000, 0x0000000709a00000|  0%| F|  |TAMS 0x0000000709800000| PB 0x0000000709800000| Untracked 
|  49|0x0000000709a00000, 0x0000000709a00000, 0x0000000709c00000|  0%| F|  |TAMS 0x0000000709a00000| PB 0x0000000709a00000| Untracked 
|  50|0x0000000709c00000, 0x0000000709c00000, 0x0000000709e00000|  0%| F|  |TAMS 0x0000000709c00000| PB 0x0000000709c00000| Untracked 
|  51|0x0000000709e00000, 0x0000000709e00000, 0x000000070a000000|  0%| F|  |TAMS 0x0000000709e00000| PB 0x0000000709e00000| Untracked 
|  52|0x000000070a000000, 0x000000070a000000, 0x000000070a200000|  0%| F|  |TAMS 0x000000070a000000| PB 0x000000070a000000| Untracked 
|  53|0x000000070a200000, 0x000000070a200000, 0x000000070a400000|  0%| F|  |TAMS 0x000000070a200000| PB 0x000000070a200000| Untracked 
|  54|0x000000070a400000, 0x000000070a400000, 0x000000070a600000|  0%| F|  |TAMS 0x000000070a400000| PB 0x000000070a400000| Untracked 
|  55|0x000000070a600000, 0x000000070a600000, 0x000000070a800000|  0%| F|  |TAMS 0x000000070a600000| PB 0x000000070a600000| Untracked 
|  56|0x000000070a800000, 0x000000070a800000, 0x000000070aa00000|  0%| F|  |TAMS 0x000000070a800000| PB 0x000000070a800000| Untracked 
|  57|0x000000070aa00000, 0x000000070aa00000, 0x000000070ac00000|  0%| F|  |TAMS 0x000000070aa00000| PB 0x000000070aa00000| Untracked 
|  58|0x000000070ac00000, 0x000000070ac00000, 0x000000070ae00000|  0%| F|  |TAMS 0x000000070ac00000| PB 0x000000070ac00000| Untracked 
|  59|0x000000070ae00000, 0x000000070ae00000, 0x000000070b000000|  0%| F|  |TAMS 0x000000070ae00000| PB 0x000000070ae00000| Untracked 
|  60|0x000000070b000000, 0x000000070b000000, 0x000000070b200000|  0%| F|  |TAMS 0x000000070b000000| PB 0x000000070b000000| Untracked 
|  61|0x000000070b200000, 0x000000070b200000, 0x000000070b400000|  0%| F|  |TAMS 0x000000070b200000| PB 0x000000070b200000| Untracked 
|  62|0x000000070b400000, 0x000000070b400000, 0x000000070b600000|  0%| F|  |TAMS 0x000000070b400000| PB 0x000000070b400000| Untracked 
|  63|0x000000070b600000, 0x000000070b600000, 0x000000070b800000|  0%| F|  |TAMS 0x000000070b600000| PB 0x000000070b600000| Untracked 
|  64|0x000000070b800000, 0x000000070b800000, 0x000000070ba00000|  0%| F|  |TAMS 0x000000070b800000| PB 0x000000070b800000| Untracked 
|  65|0x000000070ba00000, 0x000000070ba00000, 0x000000070bc00000|  0%| F|  |TAMS 0x000000070ba00000| PB 0x000000070ba00000| Untracked 
|  66|0x000000070bc00000, 0x000000070bc00000, 0x000000070be00000|  0%| F|  |TAMS 0x000000070bc00000| PB 0x000000070bc00000| Untracked 
|  67|0x000000070be00000, 0x000000070be32010, 0x000000070c000000|  9%| S|CS|TAMS 0x000000070be00000| PB 0x000000070be00000| Complete 
|  68|0x000000070c000000, 0x000000070c200000, 0x000000070c200000|100%| S|CS|TAMS 0x000000070c000000| PB 0x000000070c000000| Complete 
|  69|0x000000070c200000, 0x000000070c200000, 0x000000070c400000|  0%| F|  |TAMS 0x000000070c200000| PB 0x000000070c200000| Untracked 
|  70|0x000000070c400000, 0x000000070c400000, 0x000000070c600000|  0%| F|  |TAMS 0x000000070c400000| PB 0x000000070c400000| Untracked 
|  71|0x000000070c600000, 0x000000070c600000, 0x000000070c800000|  0%| F|  |TAMS 0x000000070c600000| PB 0x000000070c600000| Untracked 
|  72|0x000000070c800000, 0x000000070c800000, 0x000000070ca00000|  0%| F|  |TAMS 0x000000070c800000| PB 0x000000070c800000| Untracked 
|  73|0x000000070ca00000, 0x000000070ca00000, 0x000000070cc00000|  0%| F|  |TAMS 0x000000070ca00000| PB 0x000000070ca00000| Untracked 
|  74|0x000000070cc00000, 0x000000070cc00000, 0x000000070ce00000|  0%| F|  |TAMS 0x000000070cc00000| PB 0x000000070cc00000| Untracked 
|  75|0x000000070ce00000, 0x000000070ce00000, 0x000000070d000000|  0%| F|  |TAMS 0x000000070ce00000| PB 0x000000070ce00000| Untracked 
|  76|0x000000070d000000, 0x000000070d000000, 0x000000070d200000|  0%| F|  |TAMS 0x000000070d000000| PB 0x000000070d000000| Untracked 
|  77|0x000000070d200000, 0x000000070d200000, 0x000000070d400000|  0%| F|  |TAMS 0x000000070d200000| PB 0x000000070d200000| Untracked 
|  78|0x000000070d400000, 0x000000070d400000, 0x000000070d600000|  0%| F|  |TAMS 0x000000070d400000| PB 0x000000070d400000| Untracked 
|  79|0x000000070d600000, 0x000000070d600000, 0x000000070d800000|  0%| F|  |TAMS 0x000000070d600000| PB 0x000000070d600000| Untracked 
|  80|0x000000070d800000, 0x000000070d800000, 0x000000070da00000|  0%| F|  |TAMS 0x000000070d800000| PB 0x000000070d800000| Untracked 
|  81|0x000000070da00000, 0x000000070da00000, 0x000000070dc00000|  0%| F|  |TAMS 0x000000070da00000| PB 0x000000070da00000| Untracked 
|  82|0x000000070dc00000, 0x000000070dc00000, 0x000000070de00000|  0%| F|  |TAMS 0x000000070dc00000| PB 0x000000070dc00000| Untracked 
|  83|0x000000070de00000, 0x000000070de00000, 0x000000070e000000|  0%| F|  |TAMS 0x000000070de00000| PB 0x000000070de00000| Untracked 
|  84|0x000000070e000000, 0x000000070e000000, 0x000000070e200000|  0%| F|  |TAMS 0x000000070e000000| PB 0x000000070e000000| Untracked 
|  85|0x000000070e200000, 0x000000070e200000, 0x000000070e400000|  0%| F|  |TAMS 0x000000070e200000| PB 0x000000070e200000| Untracked 
|  86|0x000000070e400000, 0x000000070e400000, 0x000000070e600000|  0%| F|  |TAMS 0x000000070e400000| PB 0x000000070e400000| Untracked 
|  87|0x000000070e600000, 0x000000070e600000, 0x000000070e800000|  0%| F|  |TAMS 0x000000070e600000| PB 0x000000070e600000| Untracked 
|  88|0x000000070e800000, 0x000000070e800000, 0x000000070ea00000|  0%| F|  |TAMS 0x000000070e800000| PB 0x000000070e800000| Untracked 
|  89|0x000000070ea00000, 0x000000070ea00000, 0x000000070ec00000|  0%| F|  |TAMS 0x000000070ea00000| PB 0x000000070ea00000| Untracked 
|  90|0x000000070ec00000, 0x000000070ec00000, 0x000000070ee00000|  0%| F|  |TAMS 0x000000070ec00000| PB 0x000000070ec00000| Untracked 
|  91|0x000000070ee00000, 0x000000070ee00000, 0x000000070f000000|  0%| F|  |TAMS 0x000000070ee00000| PB 0x000000070ee00000| Untracked 
|  92|0x000000070f000000, 0x000000070f000000, 0x000000070f200000|  0%| F|  |TAMS 0x000000070f000000| PB 0x000000070f000000| Untracked 
|  93|0x000000070f200000, 0x000000070f200000, 0x000000070f400000|  0%| F|  |TAMS 0x000000070f200000| PB 0x000000070f200000| Untracked 
|  94|0x000000070f400000, 0x000000070f400000, 0x000000070f600000|  0%| F|  |TAMS 0x000000070f400000| PB 0x000000070f400000| Untracked 
|  95|0x000000070f600000, 0x000000070f600000, 0x000000070f800000|  0%| F|  |TAMS 0x000000070f600000| PB 0x000000070f600000| Untracked 
|  96|0x000000070f800000, 0x000000070f800000, 0x000000070fa00000|  0%| F|  |TAMS 0x000000070f800000| PB 0x000000070f800000| Untracked 
|  97|0x000000070fa00000, 0x000000070fa00000, 0x000000070fc00000|  0%| F|  |TAMS 0x000000070fa00000| PB 0x000000070fa00000| Untracked 
|  98|0x000000070fc00000, 0x000000070fc00000, 0x000000070fe00000|  0%| F|  |TAMS 0x000000070fc00000| PB 0x000000070fc00000| Untracked 
|  99|0x000000070fe00000, 0x000000070fe00000, 0x0000000710000000|  0%| F|  |TAMS 0x000000070fe00000| PB 0x000000070fe00000| Untracked 
| 100|0x0000000710000000, 0x000000071007ed20, 0x0000000710200000| 24%| E|  |TAMS 0x0000000710000000| PB 0x0000000710000000| Complete 
| 101|0x0000000710200000, 0x0000000710400000, 0x0000000710400000|100%| E|CS|TAMS 0x0000000710200000| PB 0x0000000710200000| Complete 
| 102|0x0000000710400000, 0x0000000710600000, 0x0000000710600000|100%| E|CS|TAMS 0x0000000710400000| PB 0x0000000710400000| Complete 
| 103|0x0000000710600000, 0x0000000710800000, 0x0000000710800000|100%| E|CS|TAMS 0x0000000710600000| PB 0x0000000710600000| Complete 
| 104|0x0000000710800000, 0x0000000710a00000, 0x0000000710a00000|100%| E|CS|TAMS 0x0000000710800000| PB 0x0000000710800000| Complete 
| 105|0x0000000710a00000, 0x0000000710c00000, 0x0000000710c00000|100%| E|CS|TAMS 0x0000000710a00000| PB 0x0000000710a00000| Complete 
| 106|0x0000000710c00000, 0x0000000710e00000, 0x0000000710e00000|100%| E|CS|TAMS 0x0000000710c00000| PB 0x0000000710c00000| Complete 
| 107|0x0000000710e00000, 0x0000000711000000, 0x0000000711000000|100%| E|CS|TAMS 0x0000000710e00000| PB 0x0000000710e00000| Complete 
| 108|0x0000000711000000, 0x0000000711200000, 0x0000000711200000|100%| E|CS|TAMS 0x0000000711000000| PB 0x0000000711000000| Complete 
| 109|0x0000000711200000, 0x0000000711400000, 0x0000000711400000|100%| E|CS|TAMS 0x0000000711200000| PB 0x0000000711200000| Complete 
| 110|0x0000000711400000, 0x0000000711600000, 0x0000000711600000|100%| E|CS|TAMS 0x0000000711400000| PB 0x0000000711400000| Complete 
| 111|0x0000000711600000, 0x0000000711800000, 0x0000000711800000|100%| E|CS|TAMS 0x0000000711600000| PB 0x0000000711600000| Complete 
| 112|0x0000000711800000, 0x0000000711a00000, 0x0000000711a00000|100%| E|CS|TAMS 0x0000000711800000| PB 0x0000000711800000| Complete 
| 113|0x0000000711a00000, 0x0000000711c00000, 0x0000000711c00000|100%| E|CS|TAMS 0x0000000711a00000| PB 0x0000000711a00000| Complete 
| 114|0x0000000711c00000, 0x0000000711e00000, 0x0000000711e00000|100%| E|CS|TAMS 0x0000000711c00000| PB 0x0000000711c00000| Complete 
| 115|0x0000000711e00000, 0x0000000712000000, 0x0000000712000000|100%| E|CS|TAMS 0x0000000711e00000| PB 0x0000000711e00000| Complete 
| 116|0x0000000712000000, 0x0000000712200000, 0x0000000712200000|100%| E|CS|TAMS 0x0000000712000000| PB 0x0000000712000000| Complete 
| 117|0x0000000712200000, 0x0000000712400000, 0x0000000712400000|100%| E|CS|TAMS 0x0000000712200000| PB 0x0000000712200000| Complete 
| 118|0x0000000712400000, 0x0000000712600000, 0x0000000712600000|100%| E|CS|TAMS 0x0000000712400000| PB 0x0000000712400000| Complete 
| 119|0x0000000712600000, 0x0000000712800000, 0x0000000712800000|100%| E|CS|TAMS 0x0000000712600000| PB 0x0000000712600000| Complete 
| 120|0x0000000712800000, 0x0000000712a00000, 0x0000000712a00000|100%| E|CS|TAMS 0x0000000712800000| PB 0x0000000712800000| Complete 
| 121|0x0000000712a00000, 0x0000000712c00000, 0x0000000712c00000|100%| E|CS|TAMS 0x0000000712a00000| PB 0x0000000712a00000| Complete 
| 122|0x0000000712c00000, 0x0000000712e00000, 0x0000000712e00000|100%| E|  |TAMS 0x0000000712c00000| PB 0x0000000712c00000| Complete 
| 123|0x0000000712e00000, 0x0000000713000000, 0x0000000713000000|100%| E|CS|TAMS 0x0000000712e00000| PB 0x0000000712e00000| Complete 
| 124|0x0000000713000000, 0x0000000713200000, 0x0000000713200000|100%| E|CS|TAMS 0x0000000713000000| PB 0x0000000713000000| Complete 
| 125|0x0000000713200000, 0x0000000713400000, 0x0000000713400000|100%| E|CS|TAMS 0x0000000713200000| PB 0x0000000713200000| Complete 
| 126|0x0000000713400000, 0x0000000713600000, 0x0000000713600000|100%| E|CS|TAMS 0x0000000713400000| PB 0x0000000713400000| Complete 

Card table byte_map: [0x0000024c403c0000,0x0000024c40bb0000] _byte_map_base: 0x0000024c3cba4000

Marking Bits: (CMBitMap*) 0x0000024c2826d200
 Bits: [0x0000024c40bb0000, 0x0000024c44ad0000)

Polling page: 0x0000024c26160000

Metaspace:

Usage:
  Non-class:      8.43 MB used.
      Class:   1001.52 KB used.
       Both:      9.41 MB used.

Virtual space:
  Non-class space:       64.00 MB reserved,       8.56 MB ( 13%) committed,  1 nodes.
      Class space:        1.00 GB reserved,       1.12 MB ( <1%) committed,  1 nodes.
             Both:        1.06 GB reserved,       9.69 MB ( <1%) committed. 

Chunk freelists:
   Non-Class:  6.70 MB
       Class:  14.72 MB
        Both:  21.42 MB

MaxMetaspaceSize: unlimited
CompressedClassSpaceSize: 1.00 GB
Initial GC threshold: 21.00 MB
Current GC threshold: 21.00 MB
CDS: on
 - commit_granule_bytes: 65536.
 - commit_granule_words: 8192.
 - virtual_space_node_default_size: 8388608.
 - enlarge_chunks_in_place: 1.
 - use_allocation_guard: 0.


Internal statistics:

num_allocs_failed_limit: 0.
num_arena_births: 168.
num_arena_deaths: 0.
num_vsnodes_births: 2.
num_vsnodes_deaths: 0.
num_space_committed: 155.
num_space_uncommitted: 0.
num_chunks_returned_to_freelist: 0.
num_chunks_taken_from_freelist: 260.
num_chunk_merges: 0.
num_chunk_splits: 150.
num_chunks_enlarged: 67.
num_inconsistent_stats: 0.

CodeHeap 'non-profiled nmethods': size=120000Kb used=792Kb max_used=792Kb free=119207Kb
 bounds [0x0000024c38140000, 0x0000024c383b0000, 0x0000024c3f670000]
CodeHeap 'profiled nmethods': size=120000Kb used=3112Kb max_used=3112Kb free=116887Kb
 bounds [0x0000024c30670000, 0x0000024c30980000, 0x0000024c37ba0000]
CodeHeap 'non-nmethods': size=5760Kb used=1568Kb max_used=1595Kb free=4191Kb
 bounds [0x0000024c37ba0000, 0x0000024c37e10000, 0x0000024c38140000]
 total_blobs=2392 nmethods=1758 adapters=539
 compilation: enabled
              stopped_count=0, restarted_count=0
 full_count=0

Compilation events (20 events):
Event: 1.025 Thread 0x0000024c47788cc0 1748       3       java.security.AccessControlContext::<init> (63 bytes)
Event: 1.025 Thread 0x0000024c47788cc0 nmethod 1748 0x0000024c30977610 code [0x0000024c309777e0, 0x0000024c30977b90]
Event: 1.028 Thread 0x0000024c8e617660 1749       4       sun.awt.AWTAutoShutdown::getInstance (4 bytes)
Event: 1.028 Thread 0x0000024c8e617660 nmethod 1749 0x0000024c38205590 code [0x0000024c38205720, 0x0000024c38205790]
Event: 1.032 Thread 0x0000024c47788cc0 1751  s    3       java.awt.KeyboardFocusManager::getCurrentKeyboardFocusManager (32 bytes)
Event: 1.032 Thread 0x0000024c47788cc0 nmethod 1751 0x0000024c30977d10 code [0x0000024c30977f00, 0x0000024c30978328]
Event: 1.032 Thread 0x0000024c47788cc0 1752       3       java.awt.KeyboardFocusManager::getCurrentKeyboardFocusManager (7 bytes)
Event: 1.032 Thread 0x0000024c47788cc0 nmethod 1752 0x0000024c30978490 code [0x0000024c309786a0, 0x0000024c30978b88]
Event: 1.034 Thread 0x0000024c47788cc0 1753       3       java.lang.Thread::interrupted (7 bytes)
Event: 1.034 Thread 0x0000024c47788cc0 nmethod 1753 0x0000024c30978d90 code [0x0000024c30978f40, 0x0000024c309791b0]
Event: 1.034 Thread 0x0000024c47788cc0 1754       3       java.lang.Thread::getAndClearInterrupt (19 bytes)
Event: 1.034 Thread 0x0000024c47788cc0 nmethod 1754 0x0000024c30979290 code [0x0000024c30979440, 0x0000024c309795d0]
Event: 1.036 Thread 0x0000024c47788cc0 1755       3       java.awt.EventQueue::getNextEventPrivate (76 bytes)
Event: 1.037 Thread 0x0000024c47788cc0 nmethod 1755 0x0000024c30979690 code [0x0000024c30979860, 0x0000024c30979bf0]
Event: 1.037 Thread 0x0000024c47788cc0 1757       3       java.util.concurrent.locks.AbstractQueuedSynchronizer$ConditionNode::isReleasable (23 bytes)
Event: 1.037 Thread 0x0000024c47788cc0 nmethod 1757 0x0000024c30979d90 code [0x0000024c30979f40, 0x0000024c3097a1a8]
Event: 1.037 Thread 0x0000024c47788cc0 1756       1       java.awt.Component::isEnabledImpl (5 bytes)
Event: 1.037 Thread 0x0000024c47788cc0 nmethod 1756 0x0000024c38205890 code [0x0000024c38205a20, 0x0000024c38205af0]
Event: 1.062 Thread 0x0000024c47767e00 1758       4       java.util.concurrent.locks.ReentrantLock::unlock (10 bytes)
Event: 1.064 Thread 0x0000024c47767e00 nmethod 1758 0x0000024c38205b90 code [0x0000024c38205d40, 0x0000024c38205fb8]

GC Heap History (6 events):
Event: 0.555 GC heap before
{Heap before GC invocations=0 (full 0):
 garbage-first heap   total 260096K, used 22528K [0x0000000703800000, 0x0000000800000000)
  region size 2048K, 11 young (22528K), 0 survivors (0K)
 Metaspace       used 7763K, committed 8000K, reserved 1114112K
  class space    used 819K, committed 960K, reserved 1048576K
}
Event: 0.558 GC heap after
{Heap after GC invocations=1 (full 0):
 garbage-first heap   total 260096K, used 3487K [0x0000000703800000, 0x0000000800000000)
  region size 2048K, 2 young (4096K), 2 survivors (4096K)
 Metaspace       used 7763K, committed 8000K, reserved 1114112K
  class space    used 819K, committed 960K, reserved 1048576K
}
Event: 0.656 GC heap before
{Heap before GC invocations=1 (full 0):
 garbage-first heap   total 260096K, used 93599K [0x0000000703800000, 0x0000000800000000)
  region size 2048K, 19 young (38912K), 2 survivors (4096K)
 Metaspace       used 8951K, committed 9152K, reserved 1114112K
  class space    used 944K, committed 1024K, reserved 1048576K
}
Event: 0.658 GC heap after
{Heap after GC invocations=2 (full 0):
 garbage-first heap   total 260096K, used 61639K [0x0000000703800000, 0x0000000800000000)
  region size 2048K, 1 young (2048K), 1 survivors (2048K)
 Metaspace       used 8951K, committed 9152K, reserved 1114112K
  class space    used 944K, committed 1024K, reserved 1048576K
}
Event: 0.701 GC heap before
{Heap before GC invocations=2 (full 0):
 garbage-first heap   total 260096K, used 176327K [0x0000000703800000, 0x0000000800000000)
  region size 2048K, 58 young (118784K), 1 survivors (2048K)
 Metaspace       used 8970K, committed 9216K, reserved 1114112K
  class space    used 946K, committed 1024K, reserved 1048576K
}
Event: 0.702 GC heap after
{Heap after GC invocations=3 (full 0):
 garbage-first heap   total 260096K, used 62847K [0x0000000703800000, 0x0000000800000000)
  region size 2048K, 2 young (4096K), 2 survivors (4096K)
 Metaspace       used 8970K, committed 9216K, reserved 1114112K
  class space    used 946K, committed 1024K, reserved 1048576K
}

Dll operation events (11 events):
Event: 0.004 Loaded shared library C:\Program Files\Java\jdk-21\bin\java.dll
Event: 0.029 Loaded shared library C:\Program Files\Java\jdk-21\bin\jsvml.dll
Event: 0.053 Loaded shared library C:\Program Files\Java\jdk-21\bin\jsound.dll
Event: 0.078 Loaded shared library C:\Program Files\Java\jdk-21\bin\jimage.dll
Event: 0.082 Loaded shared library C:\Program Files\Java\jdk-21\bin\net.dll
Event: 0.083 Loaded shared library C:\Program Files\Java\jdk-21\bin\nio.dll
Event: 0.085 Loaded shared library C:\Program Files\Java\jdk-21\bin\zip.dll
Event: 0.102 Loaded shared library C:\Program Files\Java\jdk-21\bin\awt.dll
Event: 0.192 Loaded shared library C:\Program Files\Java\jdk-21\bin\freetype.dll
Event: 0.192 Loaded shared library C:\Program Files\Java\jdk-21\bin\fontmanager.dll
Event: 0.704 Loaded shared library C:\Program Files\Java\jdk-21\bin\verify.dll

Deoptimization events (20 events):
Event: 1.033 Thread 0x0000024c8e0e0690 Uncommon trap: trap_request=0xffffffde fr.pc=0x0000024c381c17a4 relative=0x0000000000000424
Event: 1.033 Thread 0x0000024c8e0e0690 Uncommon trap: reason=class_check action=maybe_recompile pc=0x0000024c381c17a4 method=java.util.HashMap.getNode(Ljava/lang/Object;)Ljava/util/HashMap$Node; @ 128 c2
Event: 1.033 Thread 0x0000024c8e0e0690 DEOPT PACKING pc=0x0000024c381c17a4 sp=0x00000055a9ffe6e0
Event: 1.033 Thread 0x0000024c8e0e0690 DEOPT UNPACKING pc=0x0000024c37bf46a2 sp=0x00000055a9ffe5e8 mode 2
Event: 1.033 Thread 0x0000024c8e0e0690 Uncommon trap: trap_request=0xffffffde fr.pc=0x0000024c381c17a4 relative=0x0000000000000424
Event: 1.033 Thread 0x0000024c8e0e0690 Uncommon trap: reason=class_check action=maybe_recompile pc=0x0000024c381c17a4 method=java.util.HashMap.getNode(Ljava/lang/Object;)Ljava/util/HashMap$Node; @ 128 c2
Event: 1.033 Thread 0x0000024c8e0e0690 DEOPT PACKING pc=0x0000024c381c17a4 sp=0x00000055a9ffe5c0
Event: 1.033 Thread 0x0000024c8e0e0690 DEOPT UNPACKING pc=0x0000024c37bf46a2 sp=0x00000055a9ffe4c8 mode 2
Event: 1.034 Thread 0x0000024c8e0e0690 Uncommon trap: trap_request=0xffffffde fr.pc=0x0000024c381c17a4 relative=0x0000000000000424
Event: 1.034 Thread 0x0000024c8e0e0690 Uncommon trap: reason=class_check action=maybe_recompile pc=0x0000024c381c17a4 method=java.util.HashMap.getNode(Ljava/lang/Object;)Ljava/util/HashMap$Node; @ 128 c2
Event: 1.034 Thread 0x0000024c8e0e0690 DEOPT PACKING pc=0x0000024c381c17a4 sp=0x00000055a9ffe5e0
Event: 1.034 Thread 0x0000024c8e0e0690 DEOPT UNPACKING pc=0x0000024c37bf46a2 sp=0x00000055a9ffe4e8 mode 2
Event: 1.095 Thread 0x0000024c8e0e0690 Uncommon trap: trap_request=0xffffffc6 fr.pc=0x0000024c381c1834 relative=0x00000000000004b4
Event: 1.095 Thread 0x0000024c8e0e0690 Uncommon trap: reason=bimorphic_or_optimized_type_check action=maybe_recompile pc=0x0000024c381c1834 method=java.util.HashMap.getNode(Ljava/lang/Object;)Ljava/util/HashMap$Node; @ 63 c2
Event: 1.095 Thread 0x0000024c8e0e0690 DEOPT PACKING pc=0x0000024c381c1834 sp=0x00000055a9ffe6e0
Event: 1.095 Thread 0x0000024c8e0e0690 DEOPT UNPACKING pc=0x0000024c37bf46a2 sp=0x00000055a9ffe5e8 mode 2
Event: 1.095 Thread 0x0000024c8e0e0690 Uncommon trap: trap_request=0xffffffde fr.pc=0x0000024c381c17a4 relative=0x0000000000000424
Event: 1.095 Thread 0x0000024c8e0e0690 Uncommon trap: reason=class_check action=maybe_recompile pc=0x0000024c381c17a4 method=java.util.HashMap.getNode(Ljava/lang/Object;)Ljava/util/HashMap$Node; @ 128 c2
Event: 1.095 Thread 0x0000024c8e0e0690 DEOPT PACKING pc=0x0000024c381c17a4 sp=0x00000055a9ffe6d0
Event: 1.095 Thread 0x0000024c8e0e0690 DEOPT UNPACKING pc=0x0000024c37bf46a2 sp=0x00000055a9ffe5d8 mode 2

Classes loaded (20 events):
Event: 1.032 Loading class javax/swing/JComponent$KeyboardState
Event: 1.033 Loading class javax/swing/JComponent$KeyboardState done
Event: 1.033 Loading class javax/swing/JComponent$IntVector
Event: 1.033 Loading class javax/swing/JComponent$IntVector done
Event: 1.033 Loading class javax/swing/JInternalFrame
Event: 1.033 Loading class javax/swing/JInternalFrame done
Event: 1.033 Loading class javax/swing/KeyboardManager
Event: 1.033 Loading class javax/swing/KeyboardManager done
Event: 1.033 Loading class javax/swing/Popup$HeavyWeightWindow
Event: 1.033 Loading class sun/awt/ModalExclude
Event: 1.033 Loading class sun/awt/ModalExclude done
Event: 1.033 Loading class javax/swing/JWindow
Event: 1.033 Loading class javax/swing/JWindow done
Event: 1.033 Loading class javax/swing/Popup$HeavyWeightWindow done
Event: 1.096 Loading class java/util/WeakHashMap$KeyIterator
Event: 1.096 Loading class sun/font/SunFontManager$7$1
Event: 1.096 Loading class java/util/WeakHashMap$HashIterator
Event: 1.096 Loading class sun/font/SunFontManager$7$1 done
Event: 1.096 Loading class java/util/WeakHashMap$HashIterator done
Event: 1.096 Loading class java/util/WeakHashMap$KeyIterator done

Classes unloaded (0 events):
No events

Classes redefined (0 events):
No events

Internal exceptions (17 events):
Event: 0.096 Thread 0x0000024c25ece080 Exception <a 'java/lang/ClassNotFoundException'{0x00000007132b50a8}: sun/awt/resources/spi/awtProvider> (0x00000007132b50a8) 
thrown [s\open\src\hotspot\share\classfile\systemDictionary.cpp, line 312]
Event: 0.109 Thread 0x0000024c25ece080 Exception <a 'java/io/FileNotFoundException'{0x00000007133080f8}> (0x00000007133080f8) 
thrown [s\open\src\hotspot\share\prims\jni.cpp, line 520]
Event: 0.114 Thread 0x0000024c25ece080 Exception <a 'java/io/FileNotFoundException'{0x0000000713332030}> (0x0000000713332030) 
thrown [s\open\src\hotspot\share\prims\jni.cpp, line 520]
Event: 0.170 Thread 0x0000024c25ece080 Exception <a 'java/lang/NoSuchMethodError'{0x00000007133c3388}: 'java.lang.Object java.lang.invoke.DirectMethodHandle$Holder.invokeStaticInit(java.lang.Object, int, int, int, int)'> (0x00000007133c3388) 
thrown [s\open\src\hotspot\share\interpreter\linkResolver.cpp, line 773]
Event: 0.187 Thread 0x0000024c25ece080 Exception <a 'java/lang/NoSuchMethodError'{0x0000000713098720}: 'java.lang.Object java.lang.invoke.DirectMethodHandle$Holder.invokeStaticInit(java.lang.Object, java.lang.Object, int, int, int, int)'> (0x0000000713098720) 
thrown [s\open\src\hotspot\share\interpreter\linkResolver.cpp, line 773]
Event: 0.375 Thread 0x0000024c25ece080 Implicit null exception at 0x0000024c3817c300 to 0x0000024c3817c3c8
Event: 0.507 Thread 0x0000024c25ece080 Exception <a 'java/lang/NoSuchMethodError'{0x000000071208ce38}: 'void java.lang.invoke.DirectMethodHandle$Holder.invokeSpecial(java.lang.Object, java.lang.Object, java.lang.Object)'> (0x000000071208ce38) 
thrown [s\open\src\hotspot\share\interpreter\linkResolver.cpp, line 773]
Event: 0.513 Thread 0x0000024c25ece080 Exception <a 'java/lang/NoSuchMethodError'{0x00000007120b2a08}: 'java.lang.Object java.lang.invoke.DirectMethodHandle$Holder.newInvokeSpecial(java.lang.Object, java.lang.Object, java.lang.Object, java.lang.Object, java.lang.Object)'> (0x00000007120b2a08) 
thrown [s\open\src\hotspot\share\interpreter\linkResolver.cpp, line 773]
Event: 0.517 Thread 0x0000024c25ece080 Exception <a 'java/lang/NoSuchMethodError'{0x00000007120de500}: 'java.lang.Object java.lang.invoke.DirectMethodHandle$Holder.invokeStatic(java.lang.Object, int, java.lang.Object)'> (0x00000007120de500) 
thrown [s\open\src\hotspot\share\interpreter\linkResolver.cpp, line 773]
Event: 0.530 Thread 0x0000024c25ece080 Exception <a 'java/lang/ClassNotFoundException'{0x00000007121823a0}: com/sun/swing/internal/plaf/metal/resources/spi/metalProvider> (0x00000007121823a0) 
thrown [s\open\src\hotspot\share\classfile\systemDictionary.cpp, line 312]
Event: 0.531 Thread 0x0000024c25ece080 Exception <a 'java/lang/ClassNotFoundException'{0x0000000712186350}: com/sun/swing/internal/plaf/basic/resources/spi/basicProvider> (0x0000000712186350) 
thrown [s\open\src\hotspot\share\classfile\systemDictionary.cpp, line 312]
Event: 0.536 Thread 0x0000024c25ece080 Implicit null exception at 0x0000024c38180749 to 0x0000024c38180a60
Event: 0.539 Thread 0x0000024c25ece080 Exception <a 'java/lang/NoSuchMethodError'{0x00000007121a26a0}: 'int java.lang.invoke.Invokers$Holder.invokeExact_MT(java.lang.Object, java.lang.Object)'> (0x00000007121a26a0) 
thrown [s\open\src\hotspot\share\interpreter\linkResolver.cpp, line 773]
Event: 0.551 Thread 0x0000024c25ece080 Exception <a 'java/lang/NoSuchMethodError'{0x00000007121e06f0}: 'void java.lang.invoke.DirectMethodHandle$Holder.invokeStaticInit(java.lang.Object)'> (0x00000007121e06f0) 
thrown [s\open\src\hotspot\share\interpreter\linkResolver.cpp, line 773]
Event: 0.565 Thread 0x0000024c8de1a280 Exception <a 'java/lang/NoSuchMethodError'{0x000000071350ef90}: 'void java.lang.invoke.DirectMethodHandle$Holder.invokeVirtual(java.lang.Object, java.lang.Object)'> (0x000000071350ef90) 
thrown [s\open\src\hotspot\share\interpreter\linkResolver.cpp, line 773]
Event: 0.619 Thread 0x0000024c25ece080 Exception <a 'java/lang/NoSuchMethodError'{0x000000071335ab80}: 'void java.lang.invoke.DirectMethodHandle$Holder.invokeSpecial(java.lang.Object, java.lang.Object, float)'> (0x000000071335ab80) 
thrown [s\open\src\hotspot\share\interpreter\linkResolver.cpp, line 773]
Event: 0.619 Thread 0x0000024c25ece080 Exception <a 'java/lang/NoSuchMethodError'{0x00000007133603f0}: 'java.lang.Object java.lang.invoke.DirectMethodHandle$Holder.newInvokeSpecial(java.lang.Object, java.lang.Object, float)'> (0x00000007133603f0) 
thrown [s\open\src\hotspot\share\interpreter\linkResolver.cpp, line 773]

ZGC Phase Switch (0 events):
No events

VM Operations (20 events):
Event: 0.371 Executing VM operation: HandshakeAllThreads (Deoptimize) done
Event: 0.374 Executing VM operation: HandshakeAllThreads (Deoptimize)
Event: 0.375 Executing VM operation: HandshakeAllThreads (Deoptimize) done
Event: 0.510 Executing VM operation: HandshakeAllThreads (Deoptimize)
Event: 0.510 Executing VM operation: HandshakeAllThreads (Deoptimize) done
Event: 0.555 Executing VM operation: G1CollectForAllocation (G1 Evacuation Pause)
Event: 0.558 Executing VM operation: G1CollectForAllocation (G1 Evacuation Pause) done
Event: 0.576 Executing VM operation: HandshakeAllThreads (Deoptimize)
Event: 0.576 Executing VM operation: HandshakeAllThreads (Deoptimize) done
Event: 0.599 Executing VM operation: HandshakeAllThreads (Deoptimize)
Event: 0.599 Executing VM operation: HandshakeAllThreads (Deoptimize) done
Event: 0.599 Executing VM operation: HandshakeAllThreads (Deoptimize)
Event: 0.599 Executing VM operation: HandshakeAllThreads (Deoptimize) done
Event: 0.656 Executing VM operation: G1CollectForAllocation (G1 Evacuation Pause)
Event: 0.658 Executing VM operation: G1CollectForAllocation (G1 Evacuation Pause) done
Event: 0.701 Executing VM operation: G1CollectForAllocation (G1 Evacuation Pause)
Event: 0.702 Executing VM operation: G1CollectForAllocation (G1 Evacuation Pause) done
Event: 0.709 Executing VM operation: HandshakeAllThreads (Deoptimize)
Event: 0.729 Executing VM operation: HandshakeAllThreads (Deoptimize) done
Event: 1.200 Executing VM operation: Exit

Events (20 events):
Event: 0.039 Thread 0x0000024c47a90f00 Thread added: 0x0000024c47a90f00
Event: 0.041 Thread 0x0000024c47a93740 Thread added: 0x0000024c47a93740
Event: 0.189 Thread 0x0000024c47c4e720 Thread added: 0x0000024c47c4e720
Event: 0.197 Thread 0x0000024c8d4def50 Thread added: 0x0000024c8d4def50
Event: 0.380 Thread 0x0000024c8d818e90 Thread added: 0x0000024c8d818e90
Event: 0.381 Thread 0x0000024c8de1a280 Thread added: 0x0000024c8de1a280
Event: 0.404 Thread 0x0000024c8dd70b20 Thread added: 0x0000024c8dd70b20
Event: 0.566 Thread 0x0000024c8e0e0690 Thread added: 0x0000024c8e0e0690
Event: 0.620 Thread 0x0000024c8db408f0 Thread added: 0x0000024c8db408f0
Event: 0.691 Thread 0x0000024c8dc14d10 Thread added: 0x0000024c8dc14d10
Event: 0.701 Thread 0x0000024c8dc1fe60 Thread added: 0x0000024c8dc1fe60
Event: 0.702 Thread 0x0000024c8db408f0 Thread exited: 0x0000024c8db408f0
Event: 0.746 Thread 0x0000024c8e617660 Thread added: 0x0000024c8e617660
Event: 1.096 Thread 0x0000024c8ebbd7e0 Thread added: 0x0000024c8ebbd7e0
Event: 1.096 Thread 0x0000024c8ebbd150 Thread added: 0x0000024c8ebbd150
Event: 1.096 Thread 0x0000024c8ebc12f0 Thread added: 0x0000024c8ebc12f0
Event: 1.096 Thread 0x0000024c8ebbd7e0 Thread exited: 0x0000024c8ebbd7e0
Event: 1.097 Thread 0x0000024c8ebbd150 Thread exited: 0x0000024c8ebbd150
Event: 1.103 Thread 0x0000024c8de1a280 Thread exited: 0x0000024c8de1a280
Event: 1.199 Thread 0x0000024c8ebc12f0 Thread exited: 0x0000024c8ebc12f0


Dynamic libraries:
0x00007ff7f8740000 - 0x00007ff7f8750000 	C:\Program Files\Java\jdk-21\bin\java.exe
0x00007ffbace90000 - 0x00007ffbad088000 	C:\Windows\SYSTEM32\ntdll.dll
0x00007ffbacb20000 - 0x00007ffbacbdf000 	C:\Windows\System32\KERNEL32.DLL
0x00007ffbaa720000 - 0x00007ffbaaa16000 	C:\Windows\System32\KERNELBASE.dll
0x00007ffbaa570000 - 0x00007ffbaa670000 	C:\Windows\System32\ucrtbase.dll
0x00007ffba60b0000 - 0x00007ffba60c9000 	C:\Program Files\Java\jdk-21\bin\jli.dll
0x00007ffb60100000 - 0x00007ffb6011b000 	C:\Program Files\Java\jdk-21\bin\VCRUNTIME140.dll
0x00007ffbac590000 - 0x00007ffbac63f000 	C:\Windows\System32\ADVAPI32.dll
0x00007ffbabda0000 - 0x00007ffbabe3e000 	C:\Windows\System32\msvcrt.dll
0x00007ffbabba0000 - 0x00007ffbabc3c000 	C:\Windows\System32\sechost.dll
0x00007ffbacd10000 - 0x00007ffbace36000 	C:\Windows\System32\RPCRT4.dll
0x00007ffbac8a0000 - 0x00007ffbaca3d000 	C:\Windows\System32\USER32.dll
0x00007ffbaaec0000 - 0x00007ffbaaee2000 	C:\Windows\System32\win32u.dll
0x00007ffb93040000 - 0x00007ffb932da000 	C:\Windows\WinSxS\amd64_microsoft.windows.common-controls_6595b64144ccf1df_6.0.19041.1110_none_60b5254171f9507e\COMCTL32.dll
0x00007ffbacaf0000 - 0x00007ffbacb1c000 	C:\Windows\System32\GDI32.dll
0x00007ffbaabf0000 - 0x00007ffbaad05000 	C:\Windows\System32\gdi32full.dll
0x00007ffbaae20000 - 0x00007ffbaaebd000 	C:\Windows\System32\msvcp_win.dll
0x00007ffb97870000 - 0x00007ffb9787a000 	C:\Windows\SYSTEM32\VERSION.dll
0x00007ffbabc40000 - 0x00007ffbabc70000 	C:\Windows\System32\IMM32.DLL
0x00007ffb93480000 - 0x00007ffb9348c000 	C:\Program Files\Java\jdk-21\bin\vcruntime140_1.dll
0x00007ffb60490000 - 0x00007ffb6051e000 	C:\Program Files\Java\jdk-21\bin\msvcp140.dll
0x00007ffb5a390000 - 0x00007ffb5b0a5000 	C:\Program Files\Java\jdk-21\bin\server\jvm.dll
0x00007ffbabb20000 - 0x00007ffbabb8b000 	C:\Windows\System32\WS2_32.dll
0x00007ffba9b30000 - 0x00007ffba9b7b000 	C:\Windows\SYSTEM32\POWRPROF.dll
0x00007ffb96660000 - 0x00007ffb96687000 	C:\Windows\SYSTEM32\WINMM.dll
0x00007ffba99a0000 - 0x00007ffba99b2000 	C:\Windows\SYSTEM32\UMPDC.dll
0x00007ffba8440000 - 0x00007ffba8452000 	C:\Windows\SYSTEM32\kernel.appcore.dll
0x00007ffb92950000 - 0x00007ffb9295a000 	C:\Program Files\Java\jdk-21\bin\jimage.dll
0x00007ffb74f10000 - 0x00007ffb750f4000 	C:\Windows\SYSTEM32\DBGHELP.DLL
0x00007ffb92420000 - 0x00007ffb92454000 	C:\Windows\SYSTEM32\dbgcore.DLL
0x00007ffbaad90000 - 0x00007ffbaae12000 	C:\Windows\System32\bcryptPrimitives.dll
0x00007ffb600a0000 - 0x00007ffb600bf000 	C:\Program Files\Java\jdk-21\bin\java.dll
0x00007ffbabe40000 - 0x00007ffbac584000 	C:\Windows\System32\SHELL32.dll
0x00007ffba8640000 - 0x00007ffba8dd3000 	C:\Windows\SYSTEM32\windows.storage.dll
0x00007ffbab7b0000 - 0x00007ffbabb04000 	C:\Windows\System32\combase.dll
0x00007ffba9fc0000 - 0x00007ffba9fee000 	C:\Windows\SYSTEM32\Wldp.dll
0x00007ffbaca40000 - 0x00007ffbacaed000 	C:\Windows\System32\SHCORE.dll
0x00007ffbac760000 - 0x00007ffbac7b5000 	C:\Windows\System32\shlwapi.dll
0x00007ffbaa4b0000 - 0x00007ffbaa4cf000 	C:\Windows\SYSTEM32\profapi.dll
0x00007ffb5ffc0000 - 0x00007ffb60097000 	C:\Program Files\Java\jdk-21\bin\jsvml.dll
0x00007ffba5600000 - 0x00007ffba5612000 	C:\Program Files\Java\jdk-21\bin\jsound.dll
0x00007ffbacbe0000 - 0x00007ffbacd0a000 	C:\Windows\System32\ole32.dll
0x00007ffb78300000 - 0x00007ffb7839c000 	C:\Windows\SYSTEM32\DSOUND.dll
0x00007ffb90f00000 - 0x00007ffb90f26000 	C:\Windows\SYSTEM32\winmmbase.dll
0x00007ffba7f70000 - 0x00007ffba800e000 	C:\Windows\system32\uxtheme.dll
0x00007ffbab5a0000 - 0x00007ffbab649000 	C:\Windows\System32\clbcatq.dll
0x00007ffba35d0000 - 0x00007ffba3655000 	C:\Windows\System32\MMDevApi.dll
0x00007ffbaa320000 - 0x00007ffbaa34c000 	C:\Windows\System32\DEVOBJ.dll
0x00007ffbaad40000 - 0x00007ffbaad8e000 	C:\Windows\System32\cfgmgr32.dll
0x00007ffba5520000 - 0x00007ffba5566000 	C:\Windows\SYSTEM32\wdmaud.drv
0x00007ffba60d0000 - 0x00007ffba60d9000 	C:\Windows\SYSTEM32\ksuser.dll
0x00007ffba4e20000 - 0x00007ffba4e2a000 	C:\Windows\SYSTEM32\AVRT.dll
0x00007ffba2e20000 - 0x00007ffba2fa2000 	C:\Windows\SYSTEM32\AUDIOSES.DLL
0x00007ffbabc70000 - 0x00007ffbabd3d000 	C:\Windows\System32\OLEAUT32.dll
0x00007ffba5a70000 - 0x00007ffba5a7d000 	C:\Windows\SYSTEM32\msacm32.drv
0x00007ffba5500000 - 0x00007ffba551e000 	C:\Windows\SYSTEM32\MSACM32.dll
0x00007ffba54f0000 - 0x00007ffba54fb000 	C:\Windows\SYSTEM32\midimap.dll
0x00007ffb920e0000 - 0x00007ffb920f0000 	C:\Program Files\Java\jdk-21\bin\net.dll
0x00007ffba1cd0000 - 0x00007ffba1dda000 	C:\Windows\SYSTEM32\WINHTTP.dll
0x00007ffba9d20000 - 0x00007ffba9d8a000 	C:\Windows\system32\mswsock.dll
0x00007ffb5ffa0000 - 0x00007ffb5ffb6000 	C:\Program Files\Java\jdk-21\bin\nio.dll
0x00007ffb5ff80000 - 0x00007ffb5ff98000 	C:\Program Files\Java\jdk-21\bin\zip.dll
0x00007ffb60520000 - 0x00007ffb606af000 	C:\Program Files\Java\jdk-21\bin\awt.dll
0x00007ffba7e10000 - 0x00007ffba7ea1000 	C:\Windows\SYSTEM32\apphelp.dll
0x00007ffb5bd70000 - 0x00007ffb5be95000 	C:\Windows\system32\opengl32.dll
0x00007ffb60330000 - 0x00007ffb6035c000 	C:\Windows\SYSTEM32\GLU32.dll
0x00007ffba8260000 - 0x00007ffba828f000 	C:\Windows\system32\DWMAPI.DLL
0x00007ffba9f10000 - 0x00007ffba9f28000 	C:\Windows\SYSTEM32\CRYPTSP.dll
0x00007ffba95d0000 - 0x00007ffba9604000 	C:\Windows\system32\rsaenh.dll
0x00007ffbaad10000 - 0x00007ffbaad37000 	C:\Windows\System32\bcrypt.dll
0x00007ffbaa470000 - 0x00007ffbaa49e000 	C:\Windows\SYSTEM32\USERENV.dll
0x00007ffba9f30000 - 0x00007ffba9f3c000 	C:\Windows\SYSTEM32\CRYPTBASE.dll
0x00007ffba99c0000 - 0x00007ffba99fc000 	C:\Windows\SYSTEM32\IPHLPAPI.DLL
0x00007ffbabb10000 - 0x00007ffbabb18000 	C:\Windows\System32\NSI.dll
0x00007ffb5fef0000 - 0x00007ffb5ff77000 	C:\Program Files\Java\jdk-21\bin\freetype.dll
0x00007ffb5bbf0000 - 0x00007ffb5bcc3000 	C:\Program Files\Java\jdk-21\bin\fontmanager.dll
0x00007ffbac640000 - 0x00007ffbac754000 	C:\Windows\System32\MSCTF.dll
0x00007ffba4e30000 - 0x00007ffba4f34000 	C:\Windows\System32\AppXDeploymentClient.dll
0x00007ffb436f0000 - 0x00007ffb446e3000 	C:\Windows\System32\DriverStore\FileRepository\iigd_dch.inf_amd64_0797c0ea8580ae89\igxelpicd64.dll
0x00007ffba8e20000 - 0x00007ffba8f13000 	C:\Windows\system32\dxgi.dll
0x00007ffb77d40000 - 0x00007ffb78027000 	C:\Windows\System32\DriverStore\FileRepository\iigd_dch.inf_amd64_0797c0ea8580ae89\igdml64.dll
0x00007ffb9da90000 - 0x00007ffb9de57000 	C:\Windows\System32\DriverStore\FileRepository\iigd_dch.inf_amd64_0797c0ea8580ae89\igdgmm64.dll
0x00007ffb99380000 - 0x00007ffb9c991000 	C:\Windows\System32\DriverStore\FileRepository\iigd_dch.inf_amd64_0797c0ea8580ae89\igc64.dll
0x00007ffb9e120000 - 0x00007ffb9e219000 	C:\Windows\SYSTEM32\textinputframework.dll
0x00007ffba7720000 - 0x00007ffba7a7e000 	C:\Windows\System32\CoreUIComponents.dll
0x00007ffba7a80000 - 0x00007ffba7b72000 	C:\Windows\System32\CoreMessaging.dll
0x00007ffba96f0000 - 0x00007ffba9723000 	C:\Windows\SYSTEM32\ntmarta.dll
0x00007ffba7040000 - 0x00007ffba7194000 	C:\Windows\SYSTEM32\wintypes.dll
0x00007ffba8040000 - 0x00007ffba8054000 	C:\Windows\SYSTEM32\resourcepolicyclient.dll
0x00007ffb91430000 - 0x00007ffb91440000 	C:\Program Files\Java\jdk-21\bin\verify.dll
0x00007ffb9fe40000 - 0x00007ffb9ff81000 	C:\Windows\System32\Windows.UI.dll
0x00007ffb9e220000 - 0x00007ffb9e372000 	C:\Windows\System32\InputHost.dll
0x00007ffba3270000 - 0x00007ffba3311000 	C:\Windows\System32\WindowManagementAPI.dll
0x00007ffba5ed0000 - 0x00007ffba5fc6000 	C:\Windows\System32\PROPSYS.dll
0x00007ffba3c10000 - 0x00007ffba3e17000 	C:\Windows\SYSTEM32\twinapi.appcore.dll

dbghelp: loaded successfully - version: 4.0.5 - missing functions: none
symbol engine: initialized successfully - sym options: 0x614 - pdb path: .;C:\Program Files\Java\jdk-21\bin;C:\Windows\SYSTEM32;C:\Windows\WinSxS\amd64_microsoft.windows.common-controls_6595b64144ccf1df_6.0.19041.1110_none_60b5254171f9507e;C:\Program Files\Java\jdk-21\bin\server;C:\Windows\System32\DriverStore\FileRepository\iigd_dch.inf_amd64_0797c0ea8580ae89

VM Arguments:
java_command: principal.GestorPrincipal
java_class_path (initial): C:\Users\GAMER ARRAX\Documents\NetBeansProjects\Juego3\target\classes;C:\Users\GAMER ARRAX\.m2\repository\com\googlecode\json-simple\json-simple\1.1.1\json-simple-1.1.1.jar
Launcher Type: SUN_STANDARD

[Global flags]
     intx CICompilerCount                          = 4                                         {product} {ergonomic}
     uint ConcGCThreads                            = 3                                         {product} {ergonomic}
     uint G1ConcRefinementThreads                  = 10                                        {product} {ergonomic}
   size_t G1HeapRegionSize                         = 2097152                                   {product} {ergonomic}
    uintx GCDrainStackTargetSize                   = 64                                        {product} {ergonomic}
   size_t InitialHeapSize                          = 266338304                                 {product} {ergonomic}
   size_t MarkStackSize                            = 4194304                                   {product} {ergonomic}
   size_t MaxHeapSize                              = 4236247040                                {product} {ergonomic}
   size_t MaxNewSize                               = 2541748224                                {product} {ergonomic}
   size_t MinHeapDeltaBytes                        = 2097152                                   {product} {ergonomic}
   size_t MinHeapSize                              = 8388608                                   {product} {ergonomic}
    uintx NonNMethodCodeHeapSize                   = 5839372                                {pd product} {ergonomic}
    uintx NonProfiledCodeHeapSize                  = 122909434                              {pd product} {ergonomic}
    uintx ProfiledCodeHeapSize                     = 122909434                              {pd product} {ergonomic}
    uintx ReservedCodeCacheSize                    = 251658240                              {pd product} {ergonomic}
     bool SegmentedCodeCache                       = true                                      {product} {ergonomic}
   size_t SoftMaxHeapSize                          = 4236247040                             {manageable} {ergonomic}
     bool UseCompressedOops                        = true                           {product lp64_product} {ergonomic}
     bool UseG1GC                                  = true                                      {product} {ergonomic}
     bool UseLargePagesIndividualAllocation        = false                                  {pd product} {ergonomic}

Logging:
Log output configuration:
 #0: stdout all=off uptime,level,tags foldmultilines=false
 #1: stderr all=off uptime,level,tags foldmultilines=false

Environment Variables:
JAVA_HOME=C:\Program Files\Java\jdk-21
PATH=C:\Program Files\Common Files\Oracle\Java\javapath;C:\dboracle\dbhomeXE\bin;C:\Program Files\Microsoft\jdk-11.0.16.101-hotspot\bin;C:\Windows\system32;C:\Windows;C:\Windows\System32\Wbem;C:\Windows\System32\WindowsPowerShell\v1.0\;C:\Windows\System32\OpenSSH\;C:\Program Files\Microsoft SQL Server\Client SDK\ODBC\170\Tools\Binn\;C:\Program Files\dotnet\;C:\Users\GAMER ARRAX\Desktop\MisDocumentos\apache-maven-3.9.6-bin\bin;C:\Users\GAMER ARRAX\AppData\Local\Programs\Python\Python311\Scripts\;C:\Users\GAMER ARRAX\AppData\Local\Programs\Python\Python311\;C:\Users\GAMER ARRAX\AppData\Local\Microsoft\WindowsApps;C:\Users\GAMER ARRAX\AppData\Local\Programs\Microsoft VS Code\bin;C:\Users\GAMER ARRAX\.dotnet\tools
USERNAME=GAMER ARRAX
OS=Windows_NT
PROCESSOR_IDENTIFIER=Intel64 Family 6 Model 151 Stepping 5, GenuineIntel
TMP=C:\Users\GAMERA~1\AppData\Local\Temp
TEMP=C:\Users\GAMERA~1\AppData\Local\Temp




Periodic native trim disabled

---------------  S Y S T E M  ---------------

OS:
 Windows 10 , 64 bit Build 19041 (10.0.19041.3031)
OS uptime: 6 days 14:31 hours

CPU: total 12 (initial active 12) (6 cores per cpu, 2 threads per core) family 6 model 151 stepping 5 microcode 0x15, cx8, cmov, fxsr, ht, mmx, 3dnowpref, sse, sse2, sse3, ssse3, sse4.1, sse4.2, popcnt, lzcnt, tsc, tscinvbit, avx, avx2, aes, erms, clmul, bmi1, bmi2, adx, sha, fma, vzeroupper, clflush, clflushopt, clwb, serialize, rdtscp, rdpid, fsrm, f16c, pku, cet_ibt, cet_ss
Processor Information for all 12 processors :
  Max Mhz: 2500, Current Mhz: 2500, Mhz Limit: 2500

Memory: 4k page, system-wide physical 16157M (8067M free)
TotalPageFile size 18589M (AvailPageFile size 7082M)
current process WorkingSet (physical memory assigned to process): 376M, peak: 427M
current process commit charge ("private bytes"): 463M, peak: 512M

vm_info: Java HotSpot(TM) 64-Bit Server VM (21.0.1+12-LTS-29) for windows-amd64 JRE (21.0.1+12-LTS-29), built on 2023-10-05T13:27:09Z by "mach5one" with MS VC++ 17.1 (VS2022)

END.
